Determining if the pthread_create exist failed with the following output:
Change Dir: /home/junkerp/Desktop/Algolab/week10/light/CMakeFiles/CMakeTmp

Run Build Command:"/usr/bin/gmake" "cmTC_8f90f/fast"
/usr/bin/gmake -f CMakeFiles/cmTC_8f90f.dir/build.make CMakeFiles/cmTC_8f90f.dir/build
gmake[1]: Entering directory '/home/junkerp/Desktop/Algolab/week10/light/CMakeFiles/CMakeTmp'
Building C object CMakeFiles/cmTC_8f90f.dir/CheckSymbolExists.c.o
/usr/lib64/ccache/cc    -o CMakeFiles/cmTC_8f90f.dir/CheckSymbolExists.c.o   -c /home/junkerp/Desktop/Algolab/week10/light/CMakeFiles/CMakeTmp/CheckSymbolExists.c
Linking C executable cmTC_8f90f
/usr/bin/cmake -E cmake_link_script CMakeFiles/cmTC_8f90f.dir/link.txt --verbose=1
/usr/lib64/ccache/cc      -rdynamic CMakeFiles/cmTC_8f90f.dir/CheckSymbolExists.c.o  -o cmTC_8f90f 
CMakeFiles/cmTC_8f90f.dir/CheckSymbolExists.c.o: In function `main':
CheckSymbolExists.c:(.text+0x16): undefined reference to `pthread_create'
collect2: error: ld returned 1 exit status
gmake[1]: *** [CMakeFiles/cmTC_8f90f.dir/build.make:98: cmTC_8f90f] Error 1
gmake[1]: Leaving directory '/home/junkerp/Desktop/Algolab/week10/light/CMakeFiles/CMakeTmp'
gmake: *** [Makefile:126: cmTC_8f90f/fast] Error 2

File /home/junkerp/Desktop/Algolab/week10/light/CMakeFiles/CMakeTmp/CheckSymbolExists.c:
/* */
#include <pthread.h>

int main(int argc, char** argv)
{
  (void)argv;
#ifndef pthread_create
  return ((int*)(&pthread_create))[argc];
#else
  (void)argc;
  return 0;
#endif
}

Determining if the function pthread_create exists in the pthreads failed with the following output:
Change Dir: /home/junkerp/Desktop/Algolab/week10/light/CMakeFiles/CMakeTmp

Run Build Command:"/usr/bin/gmake" "cmTC_f0507/fast"
/usr/bin/gmake -f CMakeFiles/cmTC_f0507.dir/build.make CMakeFiles/cmTC_f0507.dir/build
gmake[1]: Entering directory '/home/junkerp/Desktop/Algolab/week10/light/CMakeFiles/CMakeTmp'
Building C object CMakeFiles/cmTC_f0507.dir/CheckFunctionExists.c.o
/usr/lib64/ccache/cc   -DCHECK_FUNCTION_EXISTS=pthread_create   -o CMakeFiles/cmTC_f0507.dir/CheckFunctionExists.c.o   -c /usr/share/cmake/Modules/CheckFunctionExists.c
Linking C executable cmTC_f0507
/usr/bin/cmake -E cmake_link_script CMakeFiles/cmTC_f0507.dir/link.txt --verbose=1
/usr/lib64/ccache/cc  -DCHECK_FUNCTION_EXISTS=pthread_create    -rdynamic CMakeFiles/cmTC_f0507.dir/CheckFunctionExists.c.o  -o cmTC_f0507 -lpthreads 
/usr/bin/ld: cannot find -lpthreads
collect2: error: ld returned 1 exit status
gmake[1]: *** [CMakeFiles/cmTC_f0507.dir/build.make:98: cmTC_f0507] Error 1
gmake[1]: Leaving directory '/home/junkerp/Desktop/Algolab/week10/light/CMakeFiles/CMakeTmp'
gmake: *** [Makefile:126: cmTC_f0507/fast] Error 2


